<?xml version="1.0" encoding="ASCII"?>
<orm:entity-mappings xmlns:orm="http://www.eclipse.org/eclipselink/xsds/persistence/orm" version="2.3">
  <orm:persistence-unit-metadata>
    <orm:persistence-unit-defaults>
      <orm:delimited-identifiers/>
    </orm:persistence-unit-defaults>
  </orm:persistence-unit-metadata>
  <orm:access>FIELD</orm:access>
  <orm:entity class="org.eclipse.emf.texo.test.model.issues.bz325429_test.Person" name="test_Person">
    <orm:table name="test_Person"/>
    <orm:discriminator-column length="255"/>
    <orm:converter class="org.eclipse.emf.texo.test.TexoTestObjectConverter" name="TexoTestObjectConverter"/>
    <orm:converter class="org.eclipse.emf.texo.test.TexoTestQNameConverter" name="TexoTestQNameConverter"/>
    <orm:attributes>
      <orm:basic name="firstname">
        <orm:column name="firstname"/>
      </orm:basic>
      <orm:basic name="lastname">
        <orm:column name="lastname"/>
      </orm:basic>
      <orm:many-to-one name="address" optional="false">
        <orm:join-column name="test_Person_address"/>
        <orm:cascade>
          <orm:cascade-persist/>
          <orm:cascade-merge/>
          <orm:cascade-refresh/>
        </orm:cascade>
      </orm:many-to-one>
      <orm:many-to-many name="contacts">
        <orm:order-column name="test_Person_contacts_ind"/>
        <orm:join-table name="test_Person_contacts">
          <orm:join-column name="test_Person_contacts"/>
          <orm:inverse-join-column name="contacts_test_Contact"/>
        </orm:join-table>
        <orm:cascade>
          <orm:cascade-persist/>
          <orm:cascade-merge/>
          <orm:cascade-refresh/>
        </orm:cascade>
      </orm:many-to-many>
    </orm:attributes>
  </orm:entity>
  <orm:entity class="org.eclipse.emf.texo.test.model.issues.bz325429_test.Address" name="test_Address">
    <orm:table name="test_Address"/>
    <orm:discriminator-column length="255"/>
    <orm:converter class="org.eclipse.emf.texo.test.TexoTestObjectConverter" name="TexoTestObjectConverter"/>
    <orm:converter class="org.eclipse.emf.texo.test.TexoTestQNameConverter" name="TexoTestQNameConverter"/>
    <orm:attributes>
      <orm:basic name="street">
        <orm:column name="street"/>
      </orm:basic>
      <orm:basic name="city">
        <orm:column name="city"/>
      </orm:basic>
    </orm:attributes>
  </orm:entity>
  <orm:entity class="org.eclipse.emf.texo.test.model.issues.bz325429_test.Contact" name="test_Contact">
    <orm:table name="test_Contact"/>
    <orm:discriminator-column length="255"/>
    <orm:converter class="org.eclipse.emf.texo.test.TexoTestObjectConverter" name="TexoTestObjectConverter"/>
    <orm:converter class="org.eclipse.emf.texo.test.TexoTestQNameConverter" name="TexoTestQNameConverter"/>
    <orm:attributes>
      <orm:basic name="value">
        <orm:column name="T_value"/>
      </orm:basic>
      <orm:basic name="type">
        <orm:column name="T_type"/>
        <orm:enumerated>STRING</orm:enumerated>
      </orm:basic>
    </orm:attributes>
  </orm:entity>
</orm:entity-mappings>